#
# There is insufficient memory for the Java Runtime Environment to continue.
# Native memory allocation (mmap) failed to map 266338304 bytes for G1 virtual space
# Possible reasons:
#   The system is out of physical RAM or swap space
#   The process is running with CompressedOops enabled, and the Java Heap may be blocking the growth of the native heap
# Possible solutions:
#   Reduce memory load on the system
#   Increase physical memory or swap space
#   Check if swap backing store is full
#   Decrease Java heap size (-Xmx/-Xms)
#   Decrease number of Java threads
#   Decrease Java thread stack sizes (-Xss)
#   Set larger code cache with -XX:ReservedCodeCacheSize=
#   JVM is running with Zero Based Compressed Oops mode in which the Java heap is
#     placed in the first 32GB address space. The Java Heap base address is the
#     maximum limit for the native heap growth. Please use -XX:HeapBaseMinAddress
#     to set the Java Heap base and to place the Java Heap above 32GB virtual address.
# This output file may be truncated or incomplete.
#
#  Out of Memory Error (os_windows.cpp:3528), pid=25292, tid=29152
#
# JRE version:  (20.0.2+9) (build )
# Java VM: Java HotSpot(TM) 64-Bit Server VM (20.0.2+9-78, mixed mode, sharing, tiered, compressed oops, compressed class ptrs, g1 gc, windows-amd64)
# No core dump will be written. Minidumps are not enabled by default on client versions of Windows
#

---------------  S U M M A R Y ------------

Command Line: 

Host: 11th Gen Intel(R) Core(TM) i7-11800H @ 2.30GHz, 16 cores, 15G,  Windows 10 , 64 bit Build 19041 (10.0.19041.3636)
Time: Wed May 29 14:23:37 2024 Hora estándar central (México) elapsed time: 0.017943 seconds (0d 0h 0m 0s)

---------------  T H R E A D  ---------------

Current thread (0x0000023724e84800):  JavaThread "Unknown thread" [_thread_in_vm, id=29152, stack(0x000000ff12c00000,0x000000ff12d00000)]

Stack: [0x000000ff12c00000,0x000000ff12d00000]
Native frames: (J=compiled Java code, j=interpreted, Vv=VM code, C=native code)
V  [jvm.dll+0x6bc25a]
V  [jvm.dll+0x84971a]
V  [jvm.dll+0x84b315]
V  [jvm.dll+0x84ba13]
V  [jvm.dll+0x280e4f]
V  [jvm.dll+0x6b8fe9]
V  [jvm.dll+0x6adbca]
V  [jvm.dll+0x35b165]
V  [jvm.dll+0x363386]
V  [jvm.dll+0x3b400e]
V  [jvm.dll+0x3b4295]
V  [jvm.dll+0x32b86a]
V  [jvm.dll+0x32c68b]
V  [jvm.dll+0x8123df]
V  [jvm.dll+0x3c1261]
V  [jvm.dll+0x7fe103]
V  [jvm.dll+0x44ccaf]
V  [jvm.dll+0x44e621]
C  [jli.dll+0x5287]
C  [ucrtbase.dll+0x21bb2]
C  [KERNEL32.DLL+0x17344]
C  [ntdll.dll+0x526b1]


---------------  P R O C E S S  ---------------

Threads class SMR info:
_java_thread_list=0x00007fffffeab118, length=0, elements={
}

Java Threads: ( => current thread )

Other Threads:
  0x0000023724ef4620 WorkerThread "GC Thread#0" [stack: 0x000000ff12d00000,0x000000ff12e00000] [id=4072]
  0x0000023724f05320 ConcurrentGCThread "G1 Main Marker" [stack: 0x000000ff12e00000,0x000000ff12f00000] [id=8840]
  0x0000023724f064f0 WorkerThread "G1 Conc#0" [stack: 0x0000000000000000,0x0000000000000000] [id=25032]

[error occurred during error reporting (printing all threads), id 0xc0000005, EXCEPTION_ACCESS_VIOLATION (0xc0000005) at pc=0x00007fffff68eea7]
VM state: not at safepoint (not fully initialized)

VM Mutex/Monitor currently owned by a thread:  ([mutex/lock_event])
[0x0000023724e7d8f0] Heap_lock - owner thread: 0x0000023724e84800

Heap address: 0x0000000703a00000, size: 4038 MB, Compressed Oops mode: Zero based, Oop shift amount: 3

CDS archive(s) mapped at: [0x0000000000000000-0x0000000000000000-0x0000000000000000), size 0, SharedBaseAddress: 0x0000000800000000, ArchiveRelocationMode: 1.
Narrow klass base: 0x0000000000000000, Narrow klass shift: 0, Narrow klass range: 0x0

GC Precious Log:
 CardTable entry size: 512
 Card Set container configuration: InlinePtr #cards 4 size 8 Array Of Cards #cards 16 size 48 Howl #buckets 8 coarsen threshold 3686 Howl Bitmap #cards 512 size 80 coarsen threshold 460 Card regions per heap region 1 cards per card region 4096

Heap:
 garbage-first heap   total 0K, used 0K [0x0000000703a00000, 0x0000000800000000)
  region size 2048K, 0 young (0K), 0 survivors (0K)

[error occurred during error reporting (printing heap information), id 0xc0000005, EXCEPTION_ACCESS_VIOLATION (0xc0000005) at pc=0x00007fffffa647b9]
GC Heap History (0 events):
No events

Dll operation events (1 events):
Event: 0.009 Loaded shared library C:\Program Files\Java\jdk-20\bin\java.dll

Deoptimization events (0 events):
No events

Classes loaded (0 events):
No events

Classes unloaded (0 events):
No events

Classes redefined (0 events):
No events

Internal exceptions (0 events):
No events

VM Operations (0 events):
No events

Events (0 events):
No events


Dynamic libraries:
0x00007ff784a60000 - 0x00007ff784a70000 	C:\Program Files\Java\jdk-20\bin\java.exe
0x00007ff87fd10000 - 0x00007ff87ff08000 	C:\Windows\SYSTEM32\ntdll.dll
0x00007ff87e190000 - 0x00007ff87e24d000 	C:\Windows\System32\KERNEL32.DLL
0x00007ff87d5d0000 - 0x00007ff87d8c6000 	C:\Windows\System32\KERNELBASE.dll
0x00007ff87db50000 - 0x00007ff87dc50000 	C:\Windows\System32\ucrtbase.dll
0x00007ff850cf0000 - 0x00007ff850d0b000 	C:\Program Files\Java\jdk-20\bin\VCRUNTIME140.dll
0x00007ff850c70000 - 0x00007ff850c89000 	C:\Program Files\Java\jdk-20\bin\jli.dll
0x00007ff87e540000 - 0x00007ff87e5f0000 	C:\Windows\System32\ADVAPI32.dll
0x00007ff87f3e0000 - 0x00007ff87f47e000 	C:\Windows\System32\msvcrt.dll
0x00007ff87f1a0000 - 0x00007ff87f240000 	C:\Windows\System32\sechost.dll
0x00007ff87ebb0000 - 0x00007ff87ecd3000 	C:\Windows\System32\RPCRT4.dll
0x00007ff87d3f0000 - 0x00007ff87d417000 	C:\Windows\System32\bcrypt.dll
0x00007ff87ed90000 - 0x00007ff87ef2f000 	C:\Windows\System32\USER32.dll
0x00007ff87d3c0000 - 0x00007ff87d3e2000 	C:\Windows\System32\win32u.dll
0x00007ff87e0a0000 - 0x00007ff87e0cb000 	C:\Windows\System32\GDI32.dll
0x00007ff87d8d0000 - 0x00007ff87d9e7000 	C:\Windows\System32\gdi32full.dll
0x00007ff87dc50000 - 0x00007ff87dced000 	C:\Windows\System32\msvcp_win.dll
0x00007ff866200000 - 0x00007ff86649a000 	C:\Windows\WinSxS\amd64_microsoft.windows.common-controls_6595b64144ccf1df_6.0.19041.4355_none_60b8b9eb71f62e16\COMCTL32.dll
0x00007ff8743b0000 - 0x00007ff8743ba000 	C:\Windows\SYSTEM32\VERSION.dll
0x00007ff87f160000 - 0x00007ff87f192000 	C:\Windows\System32\IMM32.DLL
0x00007ff865a00000 - 0x00007ff865a0c000 	C:\Program Files\Java\jdk-20\bin\vcruntime140_1.dll
0x00007ff83b100000 - 0x00007ff83b18e000 	C:\Program Files\Java\jdk-20\bin\msvcp140.dll
0x00007fffff350000 - 0x00007ffffffe8000 	C:\Program Files\Java\jdk-20\bin\server\jvm.dll
0x00007ff866d10000 - 0x00007ff866d37000 	C:\Windows\SYSTEM32\WINMM.dll
0x00007ff859300000 - 0x00007ff859309000 	C:\Windows\SYSTEM32\WSOCK32.dll
0x00007ff87f0f0000 - 0x00007ff87f15b000 	C:\Windows\System32\WS2_32.dll
0x00007ff87bbd0000 - 0x00007ff87bbe2000 	C:\Windows\SYSTEM32\kernel.appcore.dll
0x00007ff8657f0000 - 0x00007ff8657fa000 	C:\Program Files\Java\jdk-20\bin\jimage.dll
0x00007ff87b740000 - 0x00007ff87b924000 	C:\Windows\SYSTEM32\DBGHELP.DLL
0x00007ff859a60000 - 0x00007ff859a94000 	C:\Windows\SYSTEM32\dbgcore.DLL
0x00007ff87d420000 - 0x00007ff87d4a2000 	C:\Windows\System32\bcryptPrimitives.dll
0x00007ff83b840000 - 0x00007ff83b866000 	C:\Program Files\Java\jdk-20\bin\java.dll

dbghelp: loaded successfully - version: 4.0.5 - missing functions: none
symbol engine: initialized successfully - sym options: 0x614 - pdb path: .;C:\Program Files\Java\jdk-20\bin;C:\Windows\SYSTEM32;C:\Windows\WinSxS\amd64_microsoft.windows.common-controls_6595b64144ccf1df_6.0.19041.4355_none_60b8b9eb71f62e16;C:\Program Files\Java\jdk-20\bin\server

VM Arguments:
java_command: <unknown>
java_class_path (initial): <not set>
Launcher Type: SUN_STANDARD

[Global flags]
     intx CICompilerCount                          = 12                                        {product} {ergonomic}
     uint ConcGCThreads                            = 3                                         {product} {ergonomic}
     uint G1ConcRefinementThreads                  = 13                                        {product} {ergonomic}
   size_t G1HeapRegionSize                         = 2097152                                   {product} {ergonomic}
    uintx GCDrainStackTargetSize                   = 64                                        {product} {ergonomic}
   size_t InitialHeapSize                          = 266338304                                 {product} {ergonomic}
   size_t MarkStackSize                            = 4194304                                   {product} {ergonomic}
   size_t MaxHeapSize                              = 4234149888                                {product} {ergonomic}
   size_t MinHeapDeltaBytes                        = 2097152                                   {product} {ergonomic}
   size_t MinHeapSize                              = 8388608                                   {product} {ergonomic}
    uintx NonNMethodCodeHeapSize                   = 7602480                                {pd product} {ergonomic}
    uintx NonProfiledCodeHeapSize                  = 122027880                              {pd product} {ergonomic}
    uintx ProfiledCodeHeapSize                     = 122027880                              {pd product} {ergonomic}
    uintx ReservedCodeCacheSize                    = 251658240                              {pd product} {ergonomic}
     bool SegmentedCodeCache                       = true                                      {product} {ergonomic}
   size_t SoftMaxHeapSize                          = 4234149888                             {manageable} {ergonomic}
     bool UseCompressedClassPointers               = true                           {product lp64_product} {ergonomic}
     bool UseCompressedOops                        = true                           {product lp64_product} {ergonomic}
     bool UseG1GC                                  = true                                      {product} {ergonomic}
     bool UseLargePagesIndividualAllocation        = false                                  {pd product} {ergonomic}

Logging:
Log output configuration:
 #0: stdout all=warning uptime,level,tags foldmultilines=false
 #1: stderr all=off uptime,level,tags foldmultilines=false

Environment Variables:
PATH=C:\Program Files\Eclipse Adoptium\jdk-21.0.0.35-hotspot\bin;C:\Program Files\Common Files\Oracle\Java\javapath;C:\Program Files (x86)\Common Files\Oracle\Java\javapath;C:\Program Files\Common Files\Siemens\Automation\Simatic OAM\bin;C:\Program Files (x86)\Razer Chroma SDK\bin;C:\Program Files\Razer Chroma SDK\bin;C:\Program Files (x86)\Razer\ChromaBroadcast\bin;C:\Program Files\Razer\ChromaBroadcast\bin;C:\Windows\system32;C:\Windows;C:\Windows\System32\Wbem;C:\Windows\System32\WindowsPowerShell\v1.0\;C:\Windows\System32\OpenSSH\;C:\Program Files\NVIDIA Corporation\NVIDIA NvDLISR;C:\Program Files\Microsoft SQL Server\Client SDK\ODBC\170\Tools\Binn\;C:\Program Files (x86)\Microsoft SQL Server\150\Tools\Binn\;C:\Program Files\Microsoft SQL Server\150\Tools\Binn\;C:\Program Files\Microsoft SQL Server\150\DTS\Binn\;C:\Program Files (x86)\Windows Kits\8.1\Windows Performance Toolkit\;C:\Users\Jonatan\AppData\Local\Microsoft\WindowsApps;C:\Windows\system32\config\systemprofile\AppData\Local\Microsoft\WindowsApps;C:\Program Files\Git\cmd;C:\Program Files\dotnet\;C:\Program Files (x86)\Incredibuild;C:\Program Files\nodejs\;C:\Users\Jonatan\AppData\Local\Microsoft\WindowsApps;C:\Users\Jonatan\AppData\Roaming\TinyTeX\bin\win32;C:\Users\Jonatan\Desktop\flutter\bin;C:\Users\Jonatan\.dotnet\tools;C:\Users\Jonatan\AppData\Roaming\npm;C:\Program Files\mosquitto;C:\Users\Jonatan\Desktop\nssm-2.24\win64;C:\Users\Jonatan\AppData\Local\Programs\Microsoft VS Code\bin
USERNAME=Jonatan
OS=Windows_NT
PROCESSOR_IDENTIFIER=Intel64 Family 6 Model 141 Stepping 1, GenuineIntel
TMP=C:\Users\Jonatan\AppData\Local\Temp
TEMP=C:\Users\Jonatan\AppData\Local\Temp




---------------  S Y S T E M  ---------------

OS:
 Windows 10 , 64 bit Build 19041 (10.0.19041.3636)
OS uptime: 2 days 14:57 hours

CPU: total 16 (initial active 16) (8 cores per cpu, 2 threads per core) family 6 model 141 stepping 1 microcode 0x2c, cx8, cmov, fxsr, ht, mmx, 3dnowpref, sse, sse2, sse3, ssse3, sse4.1, sse4.2, popcnt, lzcnt, tsc, tscinvbit, avx, avx2, aes, erms, clmul, bmi1, bmi2, adx, avx512f, avx512dq, avx512cd, avx512bw, avx512vl, sha, fma, vzeroupper, avx512_vpopcntdq, avx512_vpclmulqdq, avx512_vaes, avx512_vnni, clflush, clflushopt, clwb, avx512_vbmi2, avx512_vbmi, rdtscp, rdpid, fsrm, gfni, avx512_bitalg, f16c, pku, cet_ibt, cet_ss, avx512_ifma

Memory: 4k page, system-wide physical 16147M (2249M free)
TotalPageFile size 16147M (AvailPageFile size 229M)
current process WorkingSet (physical memory assigned to process): 10M, peak: 10M
current process commit charge ("private bytes"): 70M, peak: 324M

vm_info: Java HotSpot(TM) 64-Bit Server VM (20.0.2+9-78) for windows-amd64 JRE (20.0.2+9-78), built on 2023-06-14T10:08:48Z by "mach5one" with MS VC++ 17.1 (VS2022)

END.
